<?xml version="1.0" encoding="utf-8"?><testsuites name="pytest tests"><testsuite name="pytest" errors="0" failures="0" skipped="0" tests="33" time="5.661" timestamp="2026-03-10T10:58:42.884065+00:00" hostname="agent-env-78dc1962-0ea4-4cfd-b038-8a11a092a596"><testcase classname="backend.tests.test_lapopo_api.TestAuth" name="test_login_success_carlos" time="0.521" /><testcase classname="backend.tests.test_lapopo_api.TestAuth" name="test_login_success_maria" time="0.276" /><testcase classname="backend.tests.test_lapopo_api.TestAuth" name="test_login_invalid_credentials" time="0.287" /><testcase classname="backend.tests.test_lapopo_api.TestAuth" name="test_register_new_user" time="0.280" /><testcase classname="backend.tests.test_lapopo_api.TestAuctionsListing" name="test_list_auctions" time="0.053" /><testcase classname="backend.tests.test_lapopo_api.TestAuctionsListing" name="test_filter_ending_soon" time="0.055" /><testcase classname="backend.tests.test_lapopo_api.TestAuctionsListing" name="test_filter_from_1_euro" time="0.057" /><testcase classname="backend.tests.test_lapopo_api.TestAuctionsListing" name="test_filter_solo_canarias" time="0.055" /><testcase classname="backend.tests.test_lapopo_api.TestAuctionsListing" name="test_filter_electronica" time="0.062" /><testcase classname="backend.tests.test_lapopo_api.TestAuctionsListing" name="test_filter_hogar" time="0.073" /><testcase classname="backend.tests.test_lapopo_api.TestAuctionsListing" name="test_search_auctions" time="0.063" /><testcase classname="backend.tests.test_lapopo_api.TestAuctionDetail" name="test_get_auction_detail" time="0.103" /><testcase classname="backend.tests.test_lapopo_api.TestAuctionDetail" name="test_get_auction_not_found" time="0.052" /><testcase classname="backend.tests.test_lapopo_api.TestBidding" name="test_place_bid_on_maria_auction" time="0.469" /><testcase classname="backend.tests.test_lapopo_api.TestBidding" name="test_cannot_bid_own_auction" time="0.178" /><testcase classname="backend.tests.test_lapopo_api.TestBidding" name="test_bid_too_low_rejected" time="0.182" /><testcase classname="backend.tests.test_lapopo_api.TestBuyNow" name="test_auction_has_buy_now_price" time="0.051" /><testcase classname="backend.tests.test_lapopo_api.TestBuyNow" name="test_buy_now_endpoint" time="0.432" /><testcase classname="backend.tests.test_lapopo_api.TestFavorites" name="test_toggle_favorite" time="0.232" /><testcase classname="backend.tests.test_lapopo_api.TestFavorites" name="test_get_favorites_list" time="0.094" /><testcase classname="backend.tests.test_lapopo_api.TestNotifications" name="test_get_notifications" time="0.106" /><testcase classname="backend.tests.test_lapopo_api.TestNotifications" name="test_mark_all_read" time="0.105" /><testcase classname="backend.tests.test_lapopo_api.TestAutoBid" name="test_set_auto_bid" time="0.186" /><testcase classname="backend.tests.test_lapopo_api.TestUserProfile" name="test_get_user_profile" time="0.100" /><testcase classname="backend.tests.test_lapopo_api.TestUserProfile" name="test_update_user_name" time="0.166" /><testcase classname="backend.tests.test_lapopo_api.TestAuctionCreation" name="test_create_auction" time="0.098" /><testcase classname="backend.tests.test_lapopo_api.TestAuctionCreation" name="test_create_auction_invalid_price" time="0.168" /><testcase classname="backend.tests.test_lapopo_api.TestAuctionCancellation" name="test_cancel_own_auction" time="0.157" /><testcase classname="backend.tests.test_lapopo_api.TestAuctionCancellation" name="test_cannot_cancel_others_auction" time="0.246" /><testcase classname="backend.tests.test_lapopo_api.TestContactInfo" name="test_contact_requires_finished_auction" time="0.226" /><testcase classname="backend.tests.test_lapopo_api.TestMessaging" name="test_get_messages_endpoint" time="0.204" /><testcase classname="backend.tests.test_lapopo_api.TestMasterData" name="test_get_categories" time="0.052" /><testcase classname="backend.tests.test_lapopo_api.TestMasterData" name="test_get_locations" time="0.053" /></testsuite></testsuites>