<?xml version="1.0" encoding="utf-8"?><testsuites name="pytest tests"><testsuite name="pytest" errors="0" failures="0" skipped="0" tests="21" time="4.843" timestamp="2026-03-10T12:49:58.575705+00:00" hostname="agent-env-78dc1962-0ea4-4cfd-b038-8a11a092a596"><testcase classname="backend.tests.test_new_features.TestSearchAutocomplete" name="test_autocomplete_returns_matching_auctions" time="0.316" /><testcase classname="backend.tests.test_new_features.TestSearchAutocomplete" name="test_autocomplete_empty_query" time="0.058" /><testcase classname="backend.tests.test_new_features.TestSearchAutocomplete" name="test_autocomplete_returns_limited_results" time="0.060" /><testcase classname="backend.tests.test_new_features.TestCloudinaryUpload" name="test_upload_base64_image" time="1.077" /><testcase classname="backend.tests.test_new_features.TestBadges" name="test_get_all_badges_returns_7_defaults" time="0.054" /><testcase classname="backend.tests.test_new_features.TestBadges" name="test_get_user_badges" time="0.340" /><testcase classname="backend.tests.test_new_features.TestAdminBadgeManagement" name="test_create_badge" time="0.448" /><testcase classname="backend.tests.test_new_features.TestAdminBadgeManagement" name="test_update_badge" time="0.116" /><testcase classname="backend.tests.test_new_features.TestAdminBadgeManagement" name="test_delete_badge" time="0.125" /><testcase classname="backend.tests.test_new_features.TestAdminBadgeManagement" name="test_assign_badge_to_user" time="0.355" /><testcase classname="backend.tests.test_new_features.TestAdminBadgeManagement" name="test_remove_badge_from_user" time="0.340" /><testcase classname="backend.tests.test_new_features.TestPasswordManagement" name="test_change_password_requires_min_8_chars" time="0.061" /><testcase classname="backend.tests.test_new_features.TestPasswordManagement" name="test_change_password_wrong_current" time="0.277" /><testcase classname="backend.tests.test_new_features.TestPasswordManagement" name="test_forgot_password_returns_generic_message" time="0.442" /><testcase classname="backend.tests.test_new_features.TestPasswordManagement" name="test_forgot_password_nonexistent_email" time="0.068" /><testcase classname="backend.tests.test_new_features.TestPasswordManagement" name="test_reset_password_invalid_token" time="0.061" /><testcase classname="backend.tests.test_new_features.TestAdminRatingsManagement" name="test_admin_list_all_ratings" time="0.054" /><testcase classname="backend.tests.test_new_features.TestAdminRatingsManagement" name="test_admin_list_ratings_with_filter" time="0.054" /><testcase classname="backend.tests.test_new_features.TestChatWithImages" name="test_send_message_with_images" time="0.198" /><testcase classname="backend.tests.test_new_features.TestChatWithImages" name="test_get_user_conversations" time="0.056" /><testcase classname="backend.tests.test_new_features.TestDisputeWithImages" name="test_dispute_message_supports_images" time="0.145" /></testsuite></testsuites>