<?xml version="1.0" encoding="utf-8"?><testsuites name="pytest tests"><testsuite name="pytest" errors="0" failures="0" skipped="0" tests="36" time="5.233" timestamp="2026-03-10T13:10:29.930887+00:00" hostname="agent-env-78dc1962-0ea4-4cfd-b038-8a11a092a596"><testcase classname="tests.test_regression_modular.TestAuthRoutes" name="test_login_valid_credentials" time="0.506" /><testcase classname="tests.test_regression_modular.TestAuthRoutes" name="test_login_invalid_credentials" time="0.278" /><testcase classname="tests.test_regression_modular.TestAuthRoutes" name="test_register_duplicate_email" time="0.056" /><testcase classname="tests.test_regression_modular.TestAuthRoutes" name="test_change_password_wrong_current" time="0.586" /><testcase classname="tests.test_regression_modular.TestAuthRoutes" name="test_password_recovery_sends_email" time="0.413" /><testcase classname="tests.test_regression_modular.TestAuctionRoutes" name="test_list_auctions" time="0.058" /><testcase classname="tests.test_regression_modular.TestAuctionRoutes" name="test_list_auctions_with_filters" time="0.063" /><testcase classname="tests.test_regression_modular.TestAuctionRoutes" name="test_get_single_auction" time="0.126" /><testcase classname="tests.test_regression_modular.TestAuctionRoutes" name="test_autocomplete_search" time="0.050" /><testcase classname="tests.test_regression_modular.TestAuctionRoutes" name="test_autocomplete_short_query" time="0.068" /><testcase classname="tests.test_regression_modular.TestAuctionRoutes" name="test_place_bid_unauthorized" time="0.116" /><testcase classname="tests.test_regression_modular.TestAuctionRoutes" name="test_get_categories" time="0.050" /><testcase classname="tests.test_regression_modular.TestAuctionRoutes" name="test_get_locations" time="0.052" /><testcase classname="tests.test_regression_modular.TestUserRoutes" name="test_get_user_profile" time="0.068" /><testcase classname="tests.test_regression_modular.TestUserRoutes" name="test_get_nonexistent_user" time="0.054" /><testcase classname="tests.test_regression_modular.TestSocialRoutes" name="test_get_notifications_authorized" time="0.053" /><testcase classname="tests.test_regression_modular.TestSocialRoutes" name="test_get_notifications_unauthorized" time="0.095" /><testcase classname="tests.test_regression_modular.TestSocialRoutes" name="test_get_conversations" time="0.076" /><testcase classname="tests.test_regression_modular.TestSocialRoutes" name="test_get_favorites" time="0.068" /><testcase classname="tests.test_regression_modular.TestRatingRoutes" name="test_get_user_ratings" time="0.064" /><testcase classname="tests.test_regression_modular.TestPaymentRoutes" name="test_get_plans" time="0.069" /><testcase classname="tests.test_regression_modular.TestPaymentRoutes" name="test_get_my_plan" time="0.059" /><testcase classname="tests.test_regression_modular.TestDisputeRoutes" name="test_get_my_disputes" time="0.059" /><testcase classname="tests.test_regression_modular.TestAdminRoutes" name="test_admin_stats" time="0.329" /><testcase classname="tests.test_regression_modular.TestAdminRoutes" name="test_admin_stats_unauthorized" time="0.050" /><testcase classname="tests.test_regression_modular.TestAdminRoutes" name="test_admin_list_users" time="0.053" /><testcase classname="tests.test_regression_modular.TestAdminRoutes" name="test_admin_list_disputes" time="0.052" /><testcase classname="tests.test_regression_modular.TestAdminRoutes" name="test_admin_list_auctions" time="0.074" /><testcase classname="tests.test_regression_modular.TestAdminRoutes" name="test_admin_list_ratings" time="0.054" /><testcase classname="tests.test_regression_modular.TestAdminRoutes" name="test_admin_get_config" time="0.060" /><testcase classname="tests.test_regression_modular.TestBadgeRoutes" name="test_list_all_badges" time="0.052" /><testcase classname="tests.test_regression_modular.TestBadgeRoutes" name="test_get_user_badges" time="0.053" /><testcase classname="tests.test_regression_modular.TestUploadRoutes" name="test_upload_base64_image" time="0.739" /><testcase classname="tests.test_regression_modular.TestUploadRoutes" name="test_upload_unauthorized" time="0.055" /><testcase classname="tests.test_regression_modular.TestIntegration" name="test_auction_with_enriched_data" time="0.066" /><testcase classname="tests.test_regression_modular.TestIntegration" name="test_full_auth_flow" time="0.406" /></testsuite></testsuites>