<?xml version="1.0" encoding="utf-8"?><testsuites name="pytest tests"><testsuite name="pytest" errors="0" failures="0" skipped="0" tests="21" time="4.718" timestamp="2026-03-10T13:09:19.400540+00:00" hostname="agent-env-78dc1962-0ea4-4cfd-b038-8a11a092a596"><testcase classname="tests.test_new_features.TestSearchAutocomplete" name="test_autocomplete_returns_matching_auctions" time="0.302" /><testcase classname="tests.test_new_features.TestSearchAutocomplete" name="test_autocomplete_empty_query" time="0.074" /><testcase classname="tests.test_new_features.TestSearchAutocomplete" name="test_autocomplete_returns_limited_results" time="0.060" /><testcase classname="tests.test_new_features.TestCloudinaryUpload" name="test_upload_base64_image" time="0.890" /><testcase classname="tests.test_new_features.TestBadges" name="test_get_all_badges_returns_7_defaults" time="0.064" /><testcase classname="tests.test_new_features.TestBadges" name="test_get_user_badges" time="0.355" /><testcase classname="tests.test_new_features.TestAdminBadgeManagement" name="test_create_badge" time="0.412" /><testcase classname="tests.test_new_features.TestAdminBadgeManagement" name="test_update_badge" time="0.135" /><testcase classname="tests.test_new_features.TestAdminBadgeManagement" name="test_delete_badge" time="0.138" /><testcase classname="tests.test_new_features.TestAdminBadgeManagement" name="test_assign_badge_to_user" time="0.368" /><testcase classname="tests.test_new_features.TestAdminBadgeManagement" name="test_remove_badge_from_user" time="0.327" /><testcase classname="tests.test_new_features.TestPasswordManagement" name="test_change_password_requires_min_8_chars" time="0.063" /><testcase classname="tests.test_new_features.TestPasswordManagement" name="test_change_password_wrong_current" time="0.311" /><testcase classname="tests.test_new_features.TestPasswordManagement" name="test_forgot_password_returns_generic_message" time="0.484" /><testcase classname="tests.test_new_features.TestPasswordManagement" name="test_forgot_password_nonexistent_email" time="0.060" /><testcase classname="tests.test_new_features.TestPasswordManagement" name="test_reset_password_invalid_token" time="0.061" /><testcase classname="tests.test_new_features.TestAdminRatingsManagement" name="test_admin_list_all_ratings" time="0.059" /><testcase classname="tests.test_new_features.TestAdminRatingsManagement" name="test_admin_list_ratings_with_filter" time="0.065" /><testcase classname="tests.test_new_features.TestChatWithImages" name="test_send_message_with_images" time="0.191" /><testcase classname="tests.test_new_features.TestChatWithImages" name="test_get_user_conversations" time="0.070" /><testcase classname="tests.test_new_features.TestDisputeWithImages" name="test_dispute_message_supports_images" time="0.126" /></testsuite></testsuites>