<?xml version="1.0" encoding="utf-8"?><testsuites name="pytest tests"><testsuite name="pytest" errors="0" failures="0" skipped="0" tests="22" time="5.113" timestamp="2026-03-10T11:29:37.695681+00:00" hostname="agent-env-78dc1962-0ea4-4cfd-b038-8a11a092a596"><testcase classname="backend.tests.test_admin_ratings.TestAdminLogin" name="test_admin_login_returns_is_admin_flag" time="0.410" /><testcase classname="backend.tests.test_admin_ratings.TestAdminLogin" name="test_normal_user_login_has_is_admin_false" time="0.278" /><testcase classname="backend.tests.test_admin_ratings.TestAdminStats" name="test_admin_stats_returns_all_counts" time="0.403" /><testcase classname="backend.tests.test_admin_ratings.TestAdminStats" name="test_normal_user_cannot_access_stats" time="0.389" /><testcase classname="backend.tests.test_admin_ratings.TestAdminUsersManagement" name="test_admin_list_users" time="0.112" /><testcase classname="backend.tests.test_admin_ratings.TestAdminUsersManagement" name="test_normal_user_cannot_access_users_list" time="0.102" /><testcase classname="backend.tests.test_admin_ratings.TestAdminUsersManagement" name="test_admin_delete_user" time="0.449" /><testcase classname="backend.tests.test_admin_ratings.TestAdminUsersManagement" name="test_admin_cannot_delete_admin_user" time="0.134" /><testcase classname="backend.tests.test_admin_ratings.TestAdminAuctionsManagement" name="test_admin_list_auctions" time="0.140" /><testcase classname="backend.tests.test_admin_ratings.TestAdminAuctionsManagement" name="test_normal_user_cannot_access_auctions_list" time="0.107" /><testcase classname="backend.tests.test_admin_ratings.TestAdminAuctionsManagement" name="test_admin_delete_auction" time="0.289" /><testcase classname="backend.tests.test_admin_ratings.TestRatingSystem" name="test_buy_now_to_create_finished_auction" time="0.444" /><testcase classname="backend.tests.test_admin_ratings.TestRatingSystem" name="test_create_rating_as_buyer" time="0.156" /><testcase classname="backend.tests.test_admin_ratings.TestRatingSystem" name="test_get_user_ratings" time="0.050" /><testcase classname="backend.tests.test_admin_ratings.TestRatingSystem" name="test_get_auction_ratings" time="0.198" /><testcase classname="backend.tests.test_admin_ratings.TestRatingSystem" name="test_duplicate_rating_prevention" time="0.222" /><testcase classname="backend.tests.test_admin_ratings.TestRatingSystem" name="test_only_buyer_seller_can_rate" time="0.464" /><testcase classname="backend.tests.test_admin_ratings.TestRatingSystem" name="test_cannot_rate_self" time="0.190" /><testcase classname="backend.tests.test_admin_ratings.TestRatingSystem" name="test_rating_must_be_1_to_5" time="0.248" /><testcase classname="backend.tests.test_admin_ratings.TestSellerRatingDisplay" name="test_auction_list_includes_seller_rating" time="0.054" /><testcase classname="backend.tests.test_admin_ratings.TestSellerRatingDisplay" name="test_auction_detail_includes_seller_rating" time="0.101" /><testcase classname="backend.tests.test_admin_ratings.TestProfileRatingDisplay" name="test_profile_includes_rating" time="0.104" /></testsuite></testsuites>